Arguments: 
  /usr/local/Cellar/node/10.4.1/bin/node /usr/local/Cellar/yarn/0.27.5_1/libexec/bin/yarn.js add ramda.js

PATH: 
  /usr/local/bin:/usr/local/sbin:~/bin:/usr/local/bin:/usr/local/bin:/usr/local/bin:/usr/local/sbin:/Users/benimalish/dev/utils/google-cloud-sdk/bin:/usr/local/bin:/usr/bin:/bin:/usr/sbin:/sbin:/usr/local/sbin:~/bin:/Users/benimalish/dev/utils/google-cloud-sdk/bin:/Users/benimalish/bin:/Users/benimalish/bin

Yarn version: 
  0.27.5

Node version: 
  10.4.1

Platform: 
  darwin x64

npm manifest: 
  No manifest

yarn manifest: 
  No manifest

Lockfile: 
  No lockfile

Trace: 
  Error: https://registry.yarnpkg.com/ramda.js: Not found
      at Request.params.callback [as _callback] (/usr/local/Cellar/yarn/0.27.5_1/libexec/lib/yarn-cli.js:58200:18)
      at Request.self.callback (/usr/local/Cellar/yarn/0.27.5_1/libexec/lib/yarn-cli.js:114242:22)
      at Request.emit (events.js:182:13)
      at Request.<anonymous> (/usr/local/Cellar/yarn/0.27.5_1/libexec/lib/yarn-cli.js:115225:10)
      at Request.emit (events.js:182:13)
      at IncomingMessage.<anonymous> (/usr/local/Cellar/yarn/0.27.5_1/libexec/lib/yarn-cli.js:115145:12)
      at Object.onceWrapper (events.js:273:13)
      at IncomingMessage.emit (events.js:187:15)
      at endReadableNT (_stream_readable.js:1081:12)
      at process._tickCallback (internal/process/next_tick.js:63:19)
